::1 - - [25/Apr/2025:10:07:32 +0000] "GET /api/gps HTTP/1.1" 200 117 "-" "PostmanRuntime/7.39.1"
::1 - - [25/Apr/2025:10:08:12 +0000] "GET /api/gps HTTP/1.1" 200 117 "-" "PostmanRuntime/7.39.1"
::1 - - [25/Apr/2025:10:08:12 +0000] "GET /api/gps HTTP/1.1" 200 117 "-" "PostmanRuntime/7.39.1"
::1 - - [25/Apr/2025:10:08:12 +0000] "GET /api/gps HTTP/1.1" 200 117 "-" "PostmanRuntime/7.39.1"
::1 - - [25/Apr/2025:10:08:12 +0000] "GET /api/gps HTTP/1.1" 200 117 "-" "PostmanRuntime/7.39.1"
::1 - - [25/Apr/2025:10:08:13 +0000] "GET /api/gps HTTP/1.1" 200 117 "-" "PostmanRuntime/7.39.1"
::1 - - [25/Apr/2025:10:08:13 +0000] "GET /api/gps HTTP/1.1" 200 117 "-" "PostmanRuntime/7.39.1"
::1 - - [25/Apr/2025:10:08:13 +0000] "GET /api/gps HTTP/1.1" 200 117 "-" "PostmanRuntime/7.39.1"
::1 - - [25/Apr/2025:10:08:13 +0000] "GET /api/gps HTTP/1.1" 200 117 "-" "PostmanRuntime/7.39.1"
::1 - - [25/Apr/2025:10:08:52 +0000] "POST /api/gps HTTP/1.1" 201 114 "-" "PostmanRuntime/7.39.1"
::1 - - [25/Apr/2025:10:22:08 +0000] "GET /error HTTP/1.1" 500 38 "-" "PostmanRuntime/7.39.1"
::1 - - [25/Apr/2025:10:23:54 +0000] "GET /error HTTP/1.1" 500 38 "-" "PostmanRuntime/7.39.1"
::1 - - [25/Apr/2025:10:23:55 +0000] "GET /error HTTP/1.1" 500 38 "-" "PostmanRuntime/7.39.1"
::1 - - [25/Apr/2025:10:29:37 +0000] "GET /error HTTP/1.1" 500 73 "-" "PostmanRuntime/7.39.1"
::1 - - [25/Apr/2025:10:29:38 +0000] "GET /error HTTP/1.1" 500 73 "-" "PostmanRuntime/7.39.1"
::ffff:127.0.0.1 - - [02/May/2025:08:53:52 +0000] "GET /api/airQuality HTTP/1.1" 500 73 "-" "insomnia/11.0.2"
::ffff:127.0.0.1 - - [02/May/2025:08:56:41 +0000] "GET /api/airQuality HTTP/1.1" 500 73 "-" "insomnia/11.0.2"
::ffff:127.0.0.1 - - [02/May/2025:08:57:34 +0000] "GET /api/airQuality HTTP/1.1" 500 73 "-" "insomnia/11.0.2"
::ffff:127.0.0.1 - - [02/May/2025:08:59:46 +0000] "GET /api/airQuality HTTP/1.1" 500 73 "-" "insomnia/11.0.2"
::ffff:127.0.0.1 - - [02/May/2025:09:00:25 +0000] "GET /api/airQuality HTTP/1.1" 200 193 "-" "insomnia/11.0.2"
::ffff:127.0.0.1 - - [02/May/2025:09:02:00 +0000] "POST /api/airQuality HTTP/1.1" 500 73 "-" "insomnia/11.0.2"
::ffff:127.0.0.1 - - [02/May/2025:09:02:46 +0000] "POST /api/airQuality HTTP/1.1" 500 73 "-" "insomnia/11.0.2"
::ffff:127.0.0.1 - - [02/May/2025:09:04:18 +0000] "POST /api/airQuality HTTP/1.1" 201 96 "-" "insomnia/11.0.2"
::ffff:127.0.0.1 - - [13/May/2025:08:41:33 +0000] "GET /api/airQuality HTTP/1.1" 500 73 "-" "insomnia/11.0.2"
::ffff:127.0.0.1 - - [13/May/2025:08:42:13 +0000] "GET /api/airQuality HTTP/1.1" 500 73 "-" "insomnia/11.0.2"
::ffff:127.0.0.1 - - [13/May/2025:08:43:05 +0000] "GET /api/airQuality HTTP/1.1" 200 290 "-" "insomnia/11.0.2"
::ffff:127.0.0.1 - - [13/May/2025:08:57:29 +0000] "GET /api/airQuality HTTP/1.1" 200 290 "-" "insomnia/11.0.2"
::ffff:127.0.0.1 - - [13/May/2025:08:57:32 +0000] "GET /api/airQuality HTTP/1.1" 200 290 "-" "insomnia/11.0.2"
::ffff:127.0.0.1 - - [13/May/2025:08:57:38 +0000] "GET /api/temp HTTP/1.1" 200 72 "-" "insomnia/11.0.2"
::ffff:127.0.0.1 - - [13/May/2025:08:57:42 +0000] "GET /api/pulse HTTP/1.1" 200 61 "-" "insomnia/11.0.2"
::ffff:127.0.0.1 - - [13/May/2025:08:57:48 +0000] "GET /api/gps HTTP/1.1" 200 98 "-" "insomnia/11.0.2"
::ffff:127.0.0.1 - - [13/May/2025:08:58:00 +0000] "GET /api/sound HTTP/1.1" 200 61 "-" "insomnia/11.0.2"
::1 - - [13/May/2025:09:33:29 +0000] "GET /api/airQuality HTTP/1.1" 200 2 "-" "PostmanRuntime/7.39.1"
::1 - - [13/May/2025:09:34:35 +0000] "POST /api/airQuality HTTP/1.1" 201 99 "-" "PostmanRuntime/7.39.1"
::1 - - [13/May/2025:09:34:39 +0000] "POST /api/airQuality HTTP/1.1" 201 101 "-" "PostmanRuntime/7.39.1"
::1 - - [13/May/2025:09:34:41 +0000] "POST /api/airQuality HTTP/1.1" 201 104 "-" "PostmanRuntime/7.39.1"
::1 - - [13/May/2025:09:34:43 +0000] "POST /api/airQuality HTTP/1.1" 201 107 "-" "PostmanRuntime/7.39.1"
::1 - - [13/May/2025:09:34:45 +0000] "POST /api/airQuality HTTP/1.1" 201 107 "-" "PostmanRuntime/7.39.1"
::1 - - [13/May/2025:09:34:45 +0000] "POST /api/airQuality HTTP/1.1" 201 107 "-" "PostmanRuntime/7.39.1"
::1 - - [13/May/2025:09:34:45 +0000] "POST /api/airQuality HTTP/1.1" 201 107 "-" "PostmanRuntime/7.39.1"
::1 - - [13/May/2025:09:34:45 +0000] "POST /api/airQuality HTTP/1.1" 201 107 "-" "PostmanRuntime/7.39.1"
::1 - - [13/May/2025:09:34:45 +0000] "POST /api/airQuality HTTP/1.1" 201 107 "-" "PostmanRuntime/7.39.1"
::1 - - [13/May/2025:09:34:50 +0000] "GET /api/airQuality HTTP/1.1" 200 956 "-" "PostmanRuntime/7.39.1"
::1 - - [13/May/2025:09:36:08 +0000] "POST /api/routes/gpsSensor.js%22 HTTP/1.1" 404 166 "-" "PostmanRuntime/7.39.1"
::1 - - [13/May/2025:09:36:16 +0000] "POST /api/routes/gpsSensor.js%22 HTTP/1.1" 404 166 "-" "PostmanRuntime/7.39.1"
::1 - - [13/May/2025:09:36:41 +0000] "POST /api/gps HTTP/1.1" 500 73 "-" "PostmanRuntime/7.39.1"
::1 - - [13/May/2025:09:36:42 +0000] "POST /api/gps HTTP/1.1" 500 73 "-" "PostmanRuntime/7.39.1"
::1 - - [13/May/2025:09:38:09 +0000] "POST /api/gps HTTP/1.1" 201 96 "-" "PostmanRuntime/7.39.1"
::1 - - [13/May/2025:09:38:28 +0000] "POST /api/gps HTTP/1.1" 201 96 "-" "PostmanRuntime/7.39.1"
::1 - - [13/May/2025:09:38:28 +0000] "POST /api/gps HTTP/1.1" 201 96 "-" "PostmanRuntime/7.39.1"
::1 - - [13/May/2025:09:38:29 +0000] "POST /api/gps HTTP/1.1" 201 96 "-" "PostmanRuntime/7.39.1"
::1 - - [13/May/2025:09:38:29 +0000] "POST /api/gps HTTP/1.1" 201 96 "-" "PostmanRuntime/7.39.1"
::1 - - [13/May/2025:09:38:29 +0000] "POST /api/gps HTTP/1.1" 201 96 "-" "PostmanRuntime/7.39.1"
::1 - - [13/May/2025:09:38:30 +0000] "POST /api/gps HTTP/1.1" 201 96 "-" "PostmanRuntime/7.39.1"
::1 - - [13/May/2025:09:38:31 +0000] "POST /api/gps HTTP/1.1" 201 96 "-" "PostmanRuntime/7.39.1"
::1 - - [13/May/2025:09:39:18 +0000] "GET /api/gps HTTP/1.1" 200 777 "-" "PostmanRuntime/7.39.1"
::1 - - [13/May/2025:09:40:01 +0000] "POST /api/pulse HTTP/1.1" 500 73 "-" "PostmanRuntime/7.39.1"
::1 - - [13/May/2025:09:40:04 +0000] "POST /api/pulse HTTP/1.1" 201 59 "-" "PostmanRuntime/7.39.1"
::1 - - [13/May/2025:09:40:08 +0000] "POST /api/pulse HTTP/1.1" 201 59 "-" "PostmanRuntime/7.39.1"
::1 - - [13/May/2025:09:40:09 +0000] "POST /api/pulse HTTP/1.1" 201 59 "-" "PostmanRuntime/7.39.1"
::1 - - [13/May/2025:09:40:10 +0000] "POST /api/pulse HTTP/1.1" 201 59 "-" "PostmanRuntime/7.39.1"
::1 - - [13/May/2025:09:40:10 +0000] "POST /api/pulse HTTP/1.1" 201 59 "-" "PostmanRuntime/7.39.1"
::1 - - [13/May/2025:09:40:10 +0000] "POST /api/pulse HTTP/1.1" 201 59 "-" "PostmanRuntime/7.39.1"
::1 - - [13/May/2025:09:40:10 +0000] "POST /api/pulse HTTP/1.1" 201 59 "-" "PostmanRuntime/7.39.1"
::1 - - [13/May/2025:09:40:10 +0000] "POST /api/pulse HTTP/1.1" 201 59 "-" "PostmanRuntime/7.39.1"
::1 - - [13/May/2025:09:40:10 +0000] "POST /api/pulse HTTP/1.1" 201 59 "-" "PostmanRuntime/7.39.1"
::1 - - [13/May/2025:09:40:11 +0000] "POST /api/pulse HTTP/1.1" 201 60 "-" "PostmanRuntime/7.39.1"
::1 - - [13/May/2025:09:40:13 +0000] "GET /api/pulse HTTP/1.1" 200 602 "-" "PostmanRuntime/7.39.1"
::1 - - [13/May/2025:09:41:03 +0000] "POST /api/sound HTTP/1.1" 201 59 "-" "PostmanRuntime/7.39.1"
::1 - - [13/May/2025:09:41:07 +0000] "POST /api/sound HTTP/1.1" 500 73 "-" "PostmanRuntime/7.39.1"
::1 - - [13/May/2025:09:41:10 +0000] "POST /api/sound HTTP/1.1" 201 59 "-" "PostmanRuntime/7.39.1"
::1 - - [13/May/2025:09:41:10 +0000] "POST /api/sound HTTP/1.1" 201 59 "-" "PostmanRuntime/7.39.1"
::1 - - [13/May/2025:09:41:11 +0000] "POST /api/sound HTTP/1.1" 201 59 "-" "PostmanRuntime/7.39.1"
::1 - - [13/May/2025:09:41:11 +0000] "POST /api/sound HTTP/1.1" 201 59 "-" "PostmanRuntime/7.39.1"
::1 - - [13/May/2025:09:41:11 +0000] "POST /api/sound HTTP/1.1" 201 59 "-" "PostmanRuntime/7.39.1"
::1 - - [13/May/2025:09:41:13 +0000] "POST /api/sound HTTP/1.1" 201 59 "-" "PostmanRuntime/7.39.1"
::1 - - [13/May/2025:09:41:13 +0000] "POST /api/sound HTTP/1.1" 201 59 "-" "PostmanRuntime/7.39.1"
::1 - - [13/May/2025:09:41:13 +0000] "POST /api/sound HTTP/1.1" 201 59 "-" "PostmanRuntime/7.39.1"
::1 - - [13/May/2025:09:41:13 +0000] "POST /api/sound HTTP/1.1" 201 60 "-" "PostmanRuntime/7.39.1"
::1 - - [13/May/2025:09:41:14 +0000] "POST /api/sound HTTP/1.1" 201 60 "-" "PostmanRuntime/7.39.1"
::1 - - [13/May/2025:09:41:16 +0000] "GET /api/sound HTTP/1.1" 200 663 "-" "PostmanRuntime/7.39.1"
::1 - - [13/May/2025:09:42:02 +0000] "POST /api/temp HTTP/1.1" 201 70 "-" "PostmanRuntime/7.39.1"
::1 - - [13/May/2025:09:42:06 +0000] "POST /api/temp HTTP/1.1" 201 70 "-" "PostmanRuntime/7.39.1"
::1 - - [13/May/2025:09:42:07 +0000] "POST /api/temp HTTP/1.1" 201 70 "-" "PostmanRuntime/7.39.1"
::1 - - [13/May/2025:09:42:07 +0000] "POST /api/temp HTTP/1.1" 201 70 "-" "PostmanRuntime/7.39.1"
::1 - - [13/May/2025:09:42:07 +0000] "POST /api/temp HTTP/1.1" 201 70 "-" "PostmanRuntime/7.39.1"
::1 - - [13/May/2025:09:42:08 +0000] "POST /api/temp HTTP/1.1" 201 70 "-" "PostmanRuntime/7.39.1"
::1 - - [13/May/2025:09:42:08 +0000] "POST /api/temp HTTP/1.1" 201 70 "-" "PostmanRuntime/7.39.1"
::1 - - [13/May/2025:09:42:10 +0000] "POST /api/temp HTTP/1.1" 201 70 "-" "PostmanRuntime/7.39.1"
::1 - - [13/May/2025:09:42:12 +0000] "POST /api/temp HTTP/1.1" 201 70 "-" "PostmanRuntime/7.39.1"
::1 - - [13/May/2025:09:42:14 +0000] "POST /api/temp HTTP/1.1" 201 71 "-" "PostmanRuntime/7.39.1"
::1 - - [13/May/2025:09:42:16 +0000] "GET /api/temp HTTP/1.1" 200 712 "-" "PostmanRuntime/7.39.1"
::1 - - [13/May/2025:09:43:36 +0000] "GET /api/device HTTP/1.1" 200 2 "-" "PostmanRuntime/7.39.1"
::1 - - [13/May/2025:09:43:40 +0000] "POST /api/device HTTP/1.1" 201 127 "-" "PostmanRuntime/7.39.1"
::1 - - [13/May/2025:09:44:35 +0000] "POST /api/device HTTP/1.1" 201 112 "-" "PostmanRuntime/7.39.1"
::1 - - [13/May/2025:09:44:42 +0000] "GET /api/device HTTP/1.1" 200 242 "-" "PostmanRuntime/7.39.1"
::1 - - [13/May/2025:09:47:50 +0000] "GET /api/temp HTTP/1.1" 200 712 "-" "PostmanRuntime/7.39.1"
::1 - - [13/May/2025:09:51:58 +0000] "GET /api/device HTTP/1.1" 200 242 "-" "PostmanRuntime/7.39.1"
::1 - - [13/May/2025:09:53:43 +0000] "POST /api/device HTTP/1.1" 201 114 "-" "PostmanRuntime/7.39.1"
::1 - - [13/May/2025:09:53:46 +0000] "GET /api/device HTTP/1.1" 200 357 "-" "PostmanRuntime/7.39.1"
::1 - - [13/May/2025:10:01:44 +0000] "GET /api/device HTTP/1.1" 200 357 "-" "PostmanRuntime/7.39.1"
::1 - - [13/May/2025:10:01:48 +0000] "POST /api/device HTTP/1.1" 201 114 "-" "PostmanRuntime/7.39.1"
