[2025-04-25T10:22:08.085Z] Error: TEST ERROR
    at file:///C:/Users/Frank/Documents/GitHub/7-11-fullstack/api/routes/testErrorRoute.js:5:11
    at Layer.handleRequest (C:\Users\Frank\Documents\GitHub\7-11-fullstack\node_modules\router\lib\layer.js:152:17)
    at next (C:\Users\Frank\Documents\GitHub\7-11-fullstack\node_modules\router\lib\route.js:157:13)
    at Route.dispatch (C:\Users\Frank\Documents\GitHub\7-11-fullstack\node_modules\router\lib\route.js:117:3)
    at handle (C:\Users\Frank\Documents\GitHub\7-11-fullstack\node_modules\router\index.js:435:11)
    at Layer.handleRequest (C:\Users\Frank\Documents\GitHub\7-11-fullstack\node_modules\router\lib\layer.js:152:17)
    at C:\Users\Frank\Documents\GitHub\7-11-fullstack\node_modules\router\index.js:295:15
    at processParams (C:\Users\Frank\Documents\GitHub\7-11-fullstack\node_modules\router\index.js:582:12)
    at next (C:\Users\Frank\Documents\GitHub\7-11-fullstack\node_modules\router\index.js:291:5)
    at Function.handle (C:\Users\Frank\Documents\GitHub\7-11-fullstack\node_modules\router\index.js:186:3) 
[2025-04-25T10:23:54.932Z] TEST ERROR 
[2025-04-25T10:23:55.703Z] TEST ERROR 
{"timeStamp":"2025-04-25T10:29:37.939Z","method":"GET","url":"/error","message":"TEST ERROR","status":500}
{"timeStamp":"2025-04-25T10:29:38.976Z","method":"GET","url":"/error","message":"TEST ERROR","status":500}
{"timeStamp":"2025-05-02T08:53:52.290Z","method":"GET","url":"/api/airQuality","message":"pool is not defined","status":500}
{"timeStamp":"2025-05-02T08:56:41.137Z","method":"GET","url":"/api/airQuality","message":"pool is not defined","status":500}
{"timeStamp":"2025-05-02T08:57:34.180Z","method":"GET","url":"/api/airQuality","message":"pool is not defined","status":500}
{"timeStamp":"2025-05-02T08:59:46.808Z","method":"GET","url":"/api/airQuality","message":"pool is not defined","status":500}
{"timeStamp":"2025-05-02T09:02:00.070Z","method":"POST","url":"/api/airQuality","message":"syntax error at or near \"VALUE\"","status":500}
{"timeStamp":"2025-05-02T09:02:46.190Z","method":"POST","url":"/api/airQuality","message":"duplicate key value violates unique constraint \"airquality_pkey\"","status":500}
{"timeStamp":"2025-05-13T08:41:33.583Z","method":"GET","url":"/api/airQuality","message":"SASL: SCRAM-SERVER-FIRST-MESSAGE: client password must be a string","status":500}
{"timeStamp":"2025-05-13T08:42:13.515Z","method":"GET","url":"/api/airQuality","message":"SASL: SCRAM-SERVER-FIRST-MESSAGE: client password must be a string","status":500}
{"timeStamp":"2025-05-13T09:36:41.583Z","method":"POST","url":"/api/gps","message":"numeric field overflow","status":500}
{"timeStamp":"2025-05-13T09:36:42.205Z","method":"POST","url":"/api/gps","message":"numeric field overflow","status":500}
{"timeStamp":"2025-05-13T09:40:01.086Z","method":"POST","url":"/api/pulse","message":"invalid input syntax for type integer: \"12.13\"","status":500}
{"timeStamp":"2025-05-13T09:41:07.999Z","method":"POST","url":"/api/sound","message":"invalid input syntax for type integer: \"14.2\"","status":500}
{"timeStamp":"2025-05-13T13:46:42.286Z","method":"POST","url":"/api/temp","message":"column \"temperature\" of relation \"airquality\" does not exist","status":500}
{"timeStamp":"2025-05-13T13:46:56.270Z","method":"POST","url":"/api/temp","message":"column \"temperature\" of relation \"airquality\" does not exist","status":500}
{"timeStamp":"2025-05-13T13:48:12.258Z","method":"POST","url":"/api/temp","message":"column \"temperature\" of relation \"airquality\" does not exist","status":500}
{"timeStamp":"2025-05-13T13:48:15.859Z","method":"POST","url":"/api/temp","message":"column \"temperature\" of relation \"airquality\" does not exist","status":500}
{"timeStamp":"2025-05-13T13:48:25.656Z","method":"POST","url":"/api/temp","message":"column \"temperature\" of relation \"airquality\" does not exist","status":500}
{"timeStamp":"2025-05-13T13:49:29.752Z","method":"POST","url":"/api/device","message":"null value in column \"id\" of relation \"device\" violates not-null constraint","status":500}
{"timeStamp":"2025-05-13T13:50:07.055Z","method":"POST","url":"/api/device","message":"duplicate key value violates unique constraint \"device_pkey\"","status":500}
{"timeStamp":"2025-05-13T13:50:07.471Z","method":"POST","url":"/api/device","message":"duplicate key value violates unique constraint \"device_pkey\"","status":500}
{"timeStamp":"2025-05-13T13:50:08.127Z","method":"POST","url":"/api/device","message":"duplicate key value violates unique constraint \"device_pkey\"","status":500}
{"timeStamp":"2025-05-13T13:50:20.189Z","method":"GET","url":"/api/device","message":"Expected property name or '}' in JSON at position 7 (line 2 column 5)","status":400}
{"timeStamp":"2025-05-13T13:56:38.932Z","method":"POST","url":"/api/device","message":"Expected double-quoted property name in JSON at position 25 (line 3 column 1)","status":400}
{"timeStamp":"2025-05-13T13:57:26.370Z","method":"POST","url":"/api/device","message":"Expected double-quoted property name in JSON at position 25 (line 3 column 1)","status":400}
{"timeStamp":"2025-05-13T13:59:50.645Z","method":"POST","url":"/api/temp","message":"column \"temperature\" of relation \"airquality\" does not exist","status":500}
{"timeStamp":"2025-05-13T14:00:03.991Z","method":"POST","url":"/api/temp","message":"column \"temperature\" of relation \"airquality\" does not exist","status":500}
{"timeStamp":"2025-05-13T14:01:24.076Z","method":"POST","url":"/api/temp","message":"INSERT has more expressions than target columns","status":500}
{"timeStamp":"2025-05-13T14:01:26.337Z","method":"POST","url":"/api/temp","message":"INSERT has more expressions than target columns","status":500}
{"timeStamp":"2025-05-13T14:01:26.854Z","method":"POST","url":"/api/temp","message":"INSERT has more expressions than target columns","status":500}
{"timeStamp":"2025-05-13T14:01:33.270Z","method":"POST","url":"/api/temp","message":"INSERT has more expressions than target columns","status":500}
{"timeStamp":"2025-05-13T14:01:38.156Z","method":"POST","url":"/api/temp","message":"INSERT has more expressions than target columns","status":500}
{"timeStamp":"2025-05-13T14:01:39.847Z","method":"POST","url":"/api/temp","message":"INSERT has more expressions than target columns","status":500}
{"timeStamp":"2025-05-13T14:01:42.559Z","method":"POST","url":"/api/temp","message":"INSERT has more expressions than target columns","status":500}
{"timeStamp":"2025-05-13T14:02:27.725Z","method":"POST","url":"/api/temp","message":"INSERT has more expressions than target columns","status":500}
{"timeStamp":"2025-05-13T14:02:33.000Z","method":"POST","url":"/api/temp","message":"INSERT has more expressions than target columns","status":500}
{"timeStamp":"2025-05-13T14:03:17.697Z","method":"POST","url":"/api/temp","message":"INSERT has more expressions than target columns","status":500}
{"timeStamp":"2025-05-13T14:03:34.046Z","method":"POST","url":"/api/temp","message":"INSERT has more expressions than target columns","status":500}
{"timeStamp":"2025-05-13T14:03:34.494Z","method":"POST","url":"/api/temp","message":"INSERT has more expressions than target columns","status":500}
{"timeStamp":"2025-05-13T14:03:34.818Z","method":"POST","url":"/api/temp","message":"INSERT has more expressions than target columns","status":500}
{"timeStamp":"2025-05-13T14:23:56.610Z","method":"GET","url":"/api/airquality/device1/last-data","message":"syntax error at or near \")\"","status":500}
{"timeStamp":"2025-05-13T14:25:46.677Z","method":"GET","url":"/api/airquality/device1/last-data","message":"syntax error at or near \")\"","status":500}
{"timeStamp":"2025-05-13T14:25:52.824Z","method":"GET","url":"/api/airquality/device1/latest-data","message":"Cannot read properties of undefined (reading 'rows')","status":500}
{"timeStamp":"2025-05-13T14:28:16.591Z","method":"GET","url":"/api/airquality/device1/latest-data","message":"syntax error at end of input","status":500}
{"timeStamp":"2025-05-13T14:28:20.196Z","method":"GET","url":"/api/airquality/device1/trend","message":"syntax error at end of input","status":500}
{"timeStamp":"2025-05-13T14:29:09.832Z","method":"GET","url":"/api/airquality/device1/trend","message":"syntax error at end of input","status":500}
{"timeStamp":"2025-05-13T14:29:12.882Z","method":"GET","url":"/api/airquality/device1/latest-data","message":"syntax error at end of input","status":500}
{"timeStamp":"2025-05-13T14:29:54.062Z","method":"GET","url":"/api/airquality/device1/trend","message":"more than one row returned by a subquery used as an expression","status":500}
{"timeStamp":"2025-05-13T14:34:29.924Z","method":"GET","url":"/api/device/device1/trend","message":"column \"temperature\" does not exist","status":500}
{"timeStamp":"2025-05-13T14:36:05.383Z","method":"GET","url":"/api/device/device1/trend","message":"column reference \"created_at\" is ambiguous","status":500}
{"timeStamp":"2025-05-13T15:06:48.539Z","method":"POST","url":"/api/airquality","message":"column \"device_id\" of relation \"airquality\" does not exist","status":500}
{"timeStamp":"2025-05-13T15:06:51.856Z","method":"POST","url":"/api/airquality","message":"column \"device_id\" of relation \"airquality\" does not exist","status":500}
{"timeStamp":"2025-05-13T15:06:53.083Z","method":"POST","url":"/api/airquality","message":"column \"device_id\" of relation \"airquality\" does not exist","status":500}
{"timeStamp":"2025-05-13T15:06:59.770Z","method":"POST","url":"/api/airquality","message":"column \"device_id\" of relation \"airquality\" does not exist","status":500}
{"timeStamp":"2025-05-13T15:07:12.544Z","method":"GET","url":"/api/airQuality/device1/latest-data","message":"column \"device_id\" does not exist","status":500}
{"timeStamp":"2025-05-13T15:07:13.801Z","method":"GET","url":"/api/airQuality/device1/latest-data","message":"column \"device_id\" does not exist","status":500}
{"timeStamp":"2025-05-16T08:55:40.244Z","method":"POST","url":"/api/users/register","message":"insert or update on table \"users\" violates foreign key constraint \"fk_users_company\"","status":500}
{"timeStamp":"2025-05-16T08:57:52.838Z","method":"POST","url":"/api/company","message":"Unexpected non-whitespace character after JSON at position 35 (line 4 column 1)","status":400}
{"timeStamp":"2025-05-16T10:22:58.260Z","method":"POST","url":"/api/users/login","message":"secretOrPrivateKey must have a value","status":500}
{"timeStamp":"2025-05-16T10:23:52.309Z","method":"POST","url":"/api/users/login","message":"secretOrPrivateKey must have a value","status":500}
